{
  "RSpec": {
    "coverage": {
      "/Users/kirstielangan/Desktop/Makers-projects/week10/bank_tech_test/spec/account_spec.rb": {
        "lines": [
          1,
          null,
          1,
          5,
          1,
          1,
          null,
          null,
          1,
          1,
          1,
          null,
          null,
          1,
          1,
          1,
          1,
          null,
          null,
          1,
          1,
          1,
          1,
          1,
          null,
          null,
          null
        ]
      },
      "/Users/kirstielangan/Desktop/Makers-projects/week10/bank_tech_test/lib/account.rb": {
        "lines": [
          1,
          null,
          1,
          null,
          1,
          1,
          null,
          1,
          5,
          5,
          null,
          null,
          1,
          4,
          4,
          null,
          null,
          1,
          3,
          3,
          null,
          null,
          1,
          1,
          0,
          null,
          1,
          1,
          2,
          null,
          null,
          null,
          null,
          1,
          null,
          1,
          7,
          null,
          null,
          null,
          null,
          null,
          null,
          null,
          null,
          null,
          null,
          null,
          null,
          null,
          null,
          null,
          null,
          null,
          null,
          1,
          1,
          1,
          1
        ]
      },
      "/Users/kirstielangan/Desktop/Makers-projects/week10/bank_tech_test/lib/transaction.rb": {
        "lines": [
          1,
          1,
          null,
          1,
          11,
          11,
          11,
          11,
          null,
          null
        ]
      },
      "/Users/kirstielangan/Desktop/Makers-projects/week10/bank_tech_test/spec/transaction_spec.rb": {
        "lines": [
          1,
          null,
          1,
          5,
          null,
          1,
          1,
          1,
          null,
          null,
          1,
          1,
          null,
          null,
          1,
          1,
          null,
          null,
          1,
          1,
          null,
          null
        ]
      }
    },
    "timestamp": 1637765200
  }
}
